{'a': 0, 'c': 0, 'b': 0, 'e': 0, 'd': 0, 'g': 0, 'f': 0}
a e f
[1, 0, 1, 1, 0, 1, 1, 1, 1, 1]
[1, 0, 1, 0, 0, 0, 1, 0, 1, 0]
[1, 0, 0, 0, 1, 1, 1, 0, 1, 1]
a e g
[1, 0, 1, 1, 0, 1, 1, 1, 1, 1]
[1, 0, 1, 0, 0, 0, 1, 0, 1, 0]
[0, 0, 1, 1, 1, 1, 1, 0, 1, 1]
a f g
[1, 0, 1, 1, 0, 1, 1, 1, 1, 1]
[1, 0, 0, 0, 1, 1, 1, 0, 1, 1]
[0, 0, 1, 1, 1, 1, 1, 0, 1, 1]
b e f
[1, 1, 1, 1, 1, 0, 0, 1, 1, 1]
[1, 0, 1, 0, 0, 0, 1, 0, 1, 0]
[1, 0, 0, 0, 1, 1, 1, 0, 1, 1]
b e g
[1, 1, 1, 1, 1, 0, 0, 1, 1, 1]
[1, 0, 1, 0, 0, 0, 1, 0, 1, 0]
[0, 0, 1, 1, 1, 1, 1, 0, 1, 1]
d e f
[1, 0, 1, 1, 0, 1, 1, 0, 1, 1]
[1, 0, 1, 0, 0, 0, 1, 0, 1, 0]
[1, 0, 0, 0, 1, 1, 1, 0, 1, 1]
e f g
[1, 0, 1, 0, 0, 0, 1, 0, 1, 0]
[1, 0, 0, 0, 1, 1, 1, 0, 1, 1]
[0, 0, 1, 1, 1, 1, 1, 0, 1, 1]
[('c', 0), ('d', 1), ('b', 2), ('a', 3), ('g', 4), ('f', 5), ('e', 6)]


/* Fourth pin will be the dot pin which will be set according to maximum optimization */